<?xml version="1.0" encoding="UTF-8"?>
<testsuite xmlns:xsi="http://www.w3.org/2001/XMLSchema-instance" xsi:noNamespaceSchemaLocation="https://maven.apache.org/surefire/maven-surefire-plugin/xsd/surefire-test-report-3.0.xsd" version="3.0" name="com.sb.learndocker.LearnDockerApplicationTests" time="4.734" tests="1" errors="0" skipped="0" failures="0">
  <properties>
[...]
</properties>
  <testcase name="contextLoads" classname="com.sb.learndocker.LearnDockerApplicationTests" time="1.61">
    <system-out><![CDATA[00:39:20.749 [main] INFO org.springframework.test.context.support.AnnotationConfigContextLoaderUtils -- Could not detect default configuration classes for test class [com.sb.learndocker.LearnDockerApplicationTests]: LearnDockerApplicationTests does not declare any static, non-private, non-final, nested classes annotated with @Configuration.
00:39:20.993 [main] INFO org.springframework.boot.test.context.SpringBootTestContextBootstrapper -- Found @SpringBootConfiguration com.sb.learndocker.LearnDockerApplication for test class com.sb.learndocker.LearnDockerApplicationTests

  .   ____          _            __ _ _
 /\\ / ___'_ __ _ _(_)_ __  __ _ \ \ \ \
( ( )\___ | '_ | '_| | '_ \/ _` | \ \ \ \
 \\/  ___)| |_)| | | | | || (_| |  ) ) ) )
  '  |____| .__|_| |_|_| |_\__, | / / / /
 =========|_|==============|___/=/_/_/_/
 :: Spring Boot ::                (v3.1.5)

2025-08-22T00:39:21.648-05:00  INFO 16664 --- [           main] c.s.l.LearnDockerApplicationTests        : Starting LearnDockerApplicationTests using Java 17.0.8.1 with PID 16664 (started by anurag in D:\test-docker)
2025-08-22T00:39:21.651-05:00  INFO 16664 --- [           main] c.s.l.LearnDockerApplicationTests        : No active profile set, falling back to 1 default profile: "default"
2025-08-22T00:39:23.432-05:00  INFO 16664 --- [           main] c.s.l.LearnDockerApplicationTests        : Started LearnDockerApplicationTests in 2.192 seconds (process running for 4.825)
]]></system-out>
  </testcase>
</testsuite>